# JRE version: Java(TM) SE Runtime Environment (8.0_144-b01) (build 1.8.0_144-b01)
# Java VM: Java HotSpot(TM) 64-Bit Server VM (25.144-b01 mixed mode windows-amd64 compressed oops)
Heap:
 PSYoungGen      total 281600K, used 262891K [0x00000000d5e00000, 0x00000000efa00000, 0x0000000100000000)
  eden space 265216K, 99% used [0x00000000d5e00000,0x00000000e5ebac90,0x00000000e6100000)
  from space 16384K, 0% used [0x00000000e6100000,0x00000000e6100000,0x00000000e7100000)
  to   space 16896K, 0% used [0x00000000ee980000,0x00000000ee980000,0x00000000efa00000)
 ParOldGen       total 96768K, used 20389K [0x0000000081a00000, 0x0000000087880000, 0x00000000d5e00000)
  object space 96768K, 21% used [0x0000000081a00000,0x0000000082de9628,0x0000000087880000)
 Metaspace       used 65194K, capacity 69226K, committed 69336K, reserved 1107968K
  class space    used 8954K, capacity 9893K, committed 9984K, reserved 1048576K
GC Heap History (10 events):
Event: 5.608 GC heap before
{Heap before GC invocations=10 (full 2):
 PSYoungGen      total 216064K, used 6976K [0x00000000d5e00000, 0x00000000e5180000, 0x0000000100000000)
  eden space 205824K, 0% used [0x00000000d5e00000,0x00000000d5e00000,0x00000000e2700000)
  from space 10240K, 68% used [0x00000000e3100000,0x00000000e37d00b0,0x00000000e3b00000)
  to   space 10240K, 0% used [0x00000000e2700000,0x00000000e2700000,0x00000000e3100000)
 ParOldGen       total 52224K, used 9730K [0x0000000081a00000, 0x0000000084d00000, 0x00000000d5e00000)
  object space 52224K, 18% used [0x0000000081a00000,0x0000000082380ae8,0x0000000084d00000)
 Metaspace       used 34107K, capacity 35362K, committed 35416K, reserved 1079296K
  class space    used 4423K, capacity 4703K, committed 4736K, reserved 1048576K
Event: 5.654 GC heap after
Heap after GC invocations=10 (full 2):
 PSYoungGen      total 216064K, used 0K [0x00000000d5e00000, 0x00000000e5180000, 0x0000000100000000)
  eden space 205824K, 0% used [0x00000000d5e00000,0x00000000d5e00000,0x00000000e2700000)
  from space 10240K, 0% used [0x00000000e3100000,0x00000000e3100000,0x00000000e3b00000)
  to   space 10240K, 0% used [0x00000000e2700000,0x00000000e2700000,0x00000000e3100000)
 ParOldGen       total 73728K, used 12115K [0x0000000081a00000, 0x0000000086200000, 0x00000000d5e00000)
  object space 73728K, 16% used [0x0000000081a00000,0x00000000825d4d00,0x0000000086200000)
 Metaspace       used 34107K, capacity 35362K, committed 35416K, reserved 1079296K
  class space    used 4423K, capacity 4703K, committed 4736K, reserved 1048576K
}
Event: 7.504 GC heap before
{Heap before GC invocations=11 (full 2):
 PSYoungGen      total 216064K, used 205824K [0x00000000d5e00000, 0x00000000e5180000, 0x0000000100000000)
  eden space 205824K, 100% used [0x00000000d5e00000,0x00000000e2700000,0x00000000e2700000)
  from space 10240K, 0% used [0x00000000e3100000,0x00000000e3100000,0x00000000e3b00000)
  to   space 10240K, 0% used [0x00000000e2700000,0x00000000e2700000,0x00000000e3100000)
 ParOldGen       total 73728K, used 12115K [0x0000000081a00000, 0x0000000086200000, 0x00000000d5e00000)
  object space 73728K, 16% used [0x0000000081a00000,0x00000000825d4d00,0x0000000086200000)
 Metaspace       used 44237K, capacity 46076K, committed 46424K, reserved 1089536K
  class space    used 5807K, capacity 6176K, committed 6272K, reserved 1048576K
Event: 7.524 GC heap after
Heap after GC invocations=11 (full 2):
 PSYoungGen      total 216064K, used 10216K [0x00000000d5e00000, 0x00000000e8000000, 0x0000000100000000)
  eden space 205824K, 0% used [0x00000000d5e00000,0x00000000d5e00000,0x00000000e2700000)
  from space 10240K, 99% used [0x00000000e2700000,0x00000000e30fa058,0x00000000e3100000)
  to   space 12288K, 0% used [0x00000000e7400000,0x00000000e7400000,0x00000000e8000000)
 ParOldGen       total 73728K, used 14621K [0x0000000081a00000, 0x0000000086200000, 0x00000000d5e00000)
  object space 73728K, 19% used [0x0000000081a00000,0x0000000082847720,0x0000000086200000)
 Metaspace       used 44237K, capacity 46076K, committed 46424K, reserved 1089536K
  class space    used 5807K, capacity 6176K, committed 6272K, reserved 1048576K
}
Event: 14.290 GC heap before
{Heap before GC invocations=12 (full 2):
 PSYoungGen      total 216064K, used 216040K [0x00000000d5e00000, 0x00000000e8000000, 0x0000000100000000)
  eden space 205824K, 100% used [0x00000000d5e00000,0x00000000e2700000,0x00000000e2700000)
  from space 10240K, 99% used [0x00000000e2700000,0x00000000e30fa058,0x00000000e3100000)
  to   space 12288K, 0% used [0x00000000e7400000,0x00000000e7400000,0x00000000e8000000)
 ParOldGen       total 73728K, used 14621K [0x0000000081a00000, 0x0000000086200000, 0x00000000d5e00000)
  object space 73728K, 19% used [0x0000000081a00000,0x0000000082847720,0x0000000086200000)
 Metaspace       used 55417K, capacity 58432K, committed 58584K, reserved 1099776K
  class space    used 7403K, capacity 8142K, committed 8192K, reserved 1048576K
Event: 14.310 GC heap after
Heap after GC invocations=12 (full 2):
 PSYoungGen      total 277504K, used 12286K [0x00000000d5e00000, 0x00000000e8100000, 0x0000000100000000)
  eden space 265216K, 0% used [0x00000000d5e00000,0x00000000d5e00000,0x00000000e6100000)
  from space 12288K, 99% used [0x00000000e7400000,0x00000000e7fff998,0x00000000e8000000)
  to   space 16384K, 0% used [0x00000000e6100000,0x00000000e6100000,0x00000000e7100000)
 ParOldGen       total 73728K, used 21998K [0x0000000081a00000, 0x0000000086200000, 0x00000000d5e00000)
  object space 73728K, 29% used [0x0000000081a00000,0x0000000082f7baa8,0x0000000086200000)
 Metaspace       used 55417K, capacity 58432K, committed 58584K, reserved 1099776K
  class space    used 7403K, capacity 8142K, committed 8192K, reserved 1048576K
}
Event: 14.356 GC heap before
{Heap before GC invocations=13 (full 2):
 PSYoungGen      total 277504K, used 21496K [0x00000000d5e00000, 0x00000000e8100000, 0x0000000100000000)
  eden space 265216K, 3% used [0x00000000d5e00000,0x00000000d66fe770,0x00000000e6100000)
  from space 12288K, 99% used [0x00000000e7400000,0x00000000e7fff998,0x00000000e8000000)
  to   space 16384K, 0% used [0x00000000e6100000,0x00000000e6100000,0x00000000e7100000)
 ParOldGen       total 73728K, used 21998K [0x0000000081a00000, 0x0000000086200000, 0x00000000d5e00000)
  object space 73728K, 29% used [0x0000000081a00000,0x0000000082f7baa8,0x0000000086200000)
 Metaspace       used 55779K, capacity 58784K, committed 58968K, reserved 1099776K
  class space    used 7451K, capacity 8196K, committed 8320K, reserved 1048576K
Event: 14.366 GC heap after
Heap after GC invocations=13 (full 2):
 PSYoungGen      total 281600K, used 676K [0x00000000d5e00000, 0x00000000efa00000, 0x0000000100000000)
  eden space 265216K, 0% used [0x00000000d5e00000,0x00000000d5e00000,0x00000000e6100000)
  from space 16384K, 4% used [0x00000000e6100000,0x00000000e61a90d0,0x00000000e7100000)
  to   space 16896K, 0% used [0x00000000ee980000,0x00000000ee980000,0x00000000efa00000)
 ParOldGen       total 73728K, used 32421K [0x0000000081a00000, 0x0000000086200000, 0x00000000d5e00000)
  object space 73728K, 43% used [0x0000000081a00000,0x00000000839a9468,0x0000000086200000)
 Metaspace       used 55779K, capacity 58784K, committed 58968K, reserved 1099776K
  class space    used 7451K, capacity 8196K, committed 8320K, reserved 1048576K
}
Event: 14.366 GC heap before
{Heap before GC invocations=14 (full 3):
 PSYoungGen      total 281600K, used 676K [0x00000000d5e00000, 0x00000000efa00000, 0x0000000100000000)
  eden space 265216K, 0% used [0x00000000d5e00000,0x00000000d5e00000,0x00000000e6100000)
  from space 16384K, 4% used [0x00000000e6100000,0x00000000e61a90d0,0x00000000e7100000)
  to   space 16896K, 0% used [0x00000000ee980000,0x00000000ee980000,0x00000000efa00000)
 ParOldGen       total 73728K, used 32421K [0x0000000081a00000, 0x0000000086200000, 0x00000000d5e00000)
  object space 73728K, 43% used [0x0000000081a00000,0x00000000839a9468,0x0000000086200000)
 Metaspace       used 55779K, capacity 58784K, committed 58968K, reserved 1099776K
  class space    used 7451K, capacity 8196K, committed 8320K, reserved 1048576K
Event: 14.539 GC heap after
Heap after GC invocations=14 (full 3):
 PSYoungGen      total 281600K, used 0K [0x00000000d5e00000, 0x00000000efa00000, 0x0000000100000000)
  eden space 265216K, 0% used [0x00000000d5e00000,0x00000000d5e00000,0x00000000e6100000)
  from space 16384K, 0% used [0x00000000e6100000,0x00000000e6100000,0x00000000e7100000)
  to   space 16896K, 0% used [0x00000000ee980000,0x00000000ee980000,0x00000000efa00000)
 ParOldGen       total 96768K, used 20389K [0x0000000081a00000, 0x0000000087880000, 0x00000000d5e00000)
  object space 96768K, 21% used [0x0000000081a00000,0x0000000082de9628,0x0000000087880000)
 Metaspace       used 55779K, capacity 58784K, committed 58968K, reserved 1099776K
  class space    used 7451K, capacity 8196K, committed 8320K, reserved 1048576K
}

