# JRE version: Java(TM) SE Runtime Environment (8.0_144-b01) (build 1.8.0_144-b01)
# Java VM: Java HotSpot(TM) 64-Bit Server VM (25.144-b01 mixed mode windows-amd64 compressed oops)
Heap:
 PSYoungGen      total 217088K, used 114288K [0x00000000d5e00000, 0x00000000e7780000, 0x0000000100000000)
  eden space 203776K, 56% used [0x00000000d5e00000,0x00000000dcd9c010,0x00000000e2500000)
  from space 13312K, 0% used [0x00000000e2500000,0x00000000e2500000,0x00000000e3200000)
  to   space 14336K, 0% used [0x00000000e6980000,0x00000000e6980000,0x00000000e7780000)
 ParOldGen       total 121344K, used 25210K [0x0000000081a00000, 0x0000000089080000, 0x00000000d5e00000)
  object space 121344K, 20% used [0x0000000081a00000,0x000000008329ebe8,0x0000000089080000)
 Metaspace       used 61768K, capacity 65156K, committed 65240K, reserved 1105920K
  class space    used 8540K, capacity 9408K, committed 9472K, reserved 1048576K
GC Heap History (10 events):
Event: 3.930 GC heap before
{Heap before GC invocations=10 (full 2):
 PSYoungGen      total 171520K, used 7221K [0x00000000d5e00000, 0x00000000e3500000, 0x0000000100000000)
  eden space 161792K, 0% used [0x00000000d5e00000,0x00000000d5e00000,0x00000000dfc00000)
  from space 9728K, 74% used [0x00000000e0580000,0x00000000e0c8d450,0x00000000e0f00000)
  to   space 9728K, 0% used [0x00000000dfc00000,0x00000000dfc00000,0x00000000e0580000)
 ParOldGen       total 56832K, used 8962K [0x0000000081a00000, 0x0000000085180000, 0x00000000d5e00000)
  object space 56832K, 15% used [0x0000000081a00000,0x00000000822c0ae8,0x0000000085180000)
 Metaspace       used 33928K, capacity 35198K, committed 35416K, reserved 1079296K
  class space    used 4469K, capacity 4735K, committed 4736K, reserved 1048576K
Event: 3.977 GC heap after
Heap after GC invocations=10 (full 2):
 PSYoungGen      total 171520K, used 0K [0x00000000d5e00000, 0x00000000e3500000, 0x0000000100000000)
  eden space 161792K, 0% used [0x00000000d5e00000,0x00000000d5e00000,0x00000000dfc00000)
  from space 9728K, 0% used [0x00000000e0580000,0x00000000e0580000,0x00000000e0f00000)
  to   space 9728K, 0% used [0x00000000dfc00000,0x00000000dfc00000,0x00000000e0580000)
 ParOldGen       total 84480K, used 12291K [0x0000000081a00000, 0x0000000086c80000, 0x00000000d5e00000)
  object space 84480K, 14% used [0x0000000081a00000,0x0000000082600e50,0x0000000086c80000)
 Metaspace       used 33928K, capacity 35198K, committed 35416K, reserved 1079296K
  class space    used 4469K, capacity 4735K, committed 4736K, reserved 1048576K
}
Event: 5.501 GC heap before
{Heap before GC invocations=11 (full 2):
 PSYoungGen      total 171520K, used 161792K [0x00000000d5e00000, 0x00000000e3500000, 0x0000000100000000)
  eden space 161792K, 100% used [0x00000000d5e00000,0x00000000dfc00000,0x00000000dfc00000)
  from space 9728K, 0% used [0x00000000e0580000,0x00000000e0580000,0x00000000e0f00000)
  to   space 9728K, 0% used [0x00000000dfc00000,0x00000000dfc00000,0x00000000e0580000)
 ParOldGen       total 84480K, used 12291K [0x0000000081a00000, 0x0000000086c80000, 0x00000000d5e00000)
  object space 84480K, 14% used [0x0000000081a00000,0x0000000082600e50,0x0000000086c80000)
 Metaspace       used 42569K, capacity 44416K, committed 44760K, reserved 1087488K
  class space    used 5674K, capacity 6038K, committed 6144K, reserved 1048576K
Event: 5.519 GC heap after
Heap after GC invocations=11 (full 2):
 PSYoungGen      total 171520K, used 9715K [0x00000000d5e00000, 0x00000000e3f00000, 0x0000000100000000)
  eden space 161792K, 0% used [0x00000000d5e00000,0x00000000d5e00000,0x00000000dfc00000)
  from space 9728K, 99% used [0x00000000dfc00000,0x00000000e057cd18,0x00000000e0580000)
  to   space 10752K, 0% used [0x00000000e3480000,0x00000000e3480000,0x00000000e3f00000)
 ParOldGen       total 84480K, used 12759K [0x0000000081a00000, 0x0000000086c80000, 0x00000000d5e00000)
  object space 84480K, 15% used [0x0000000081a00000,0x0000000082675fc8,0x0000000086c80000)
 Metaspace       used 42569K, capacity 44416K, committed 44760K, reserved 1087488K
  class space    used 5674K, capacity 6038K, committed 6144K, reserved 1048576K
}
Event: 12.322 GC heap before
{Heap before GC invocations=12 (full 2):
 PSYoungGen      total 171520K, used 171507K [0x00000000d5e00000, 0x00000000e3f00000, 0x0000000100000000)
  eden space 161792K, 100% used [0x00000000d5e00000,0x00000000dfc00000,0x00000000dfc00000)
  from space 9728K, 99% used [0x00000000dfc00000,0x00000000e057cd18,0x00000000e0580000)
  to   space 10752K, 0% used [0x00000000e3480000,0x00000000e3480000,0x00000000e3f00000)
 ParOldGen       total 84480K, used 12759K [0x0000000081a00000, 0x0000000086c80000, 0x00000000d5e00000)
  object space 84480K, 15% used [0x0000000081a00000,0x0000000082675fc8,0x0000000086c80000)
 Metaspace       used 50702K, capacity 53466K, committed 53720K, reserved 1095680K
  class space    used 6789K, capacity 7353K, committed 7424K, reserved 1048576K
Event: 12.334 GC heap after
Heap after GC invocations=12 (full 2):
 PSYoungGen      total 213504K, used 10741K [0x00000000d5e00000, 0x00000000e3f00000, 0x0000000100000000)
  eden space 202752K, 0% used [0x00000000d5e00000,0x00000000d5e00000,0x00000000e2400000)
  from space 10752K, 99% used [0x00000000e3480000,0x00000000e3efd428,0x00000000e3f00000)
  to   space 13312K, 0% used [0x00000000e2500000,0x00000000e2500000,0x00000000e3200000)
 ParOldGen       total 84480K, used 17585K [0x0000000081a00000, 0x0000000086c80000, 0x00000000d5e00000)
  object space 84480K, 20% used [0x0000000081a00000,0x0000000082b2c770,0x0000000086c80000)
 Metaspace       used 50702K, capacity 53466K, committed 53720K, reserved 1095680K
  class space    used 6789K, capacity 7353K, committed 7424K, reserved 1048576K
}
Event: 12.878 GC heap before
{Heap before GC invocations=13 (full 2):
 PSYoungGen      total 213504K, used 100169K [0x00000000d5e00000, 0x00000000e3f00000, 0x0000000100000000)
  eden space 202752K, 44% used [0x00000000d5e00000,0x00000000db555250,0x00000000e2400000)
  from space 10752K, 99% used [0x00000000e3480000,0x00000000e3efd428,0x00000000e3f00000)
  to   space 13312K, 0% used [0x00000000e2500000,0x00000000e2500000,0x00000000e3200000)
 ParOldGen       total 84480K, used 17585K [0x0000000081a00000, 0x0000000086c80000, 0x00000000d5e00000)
  object space 84480K, 20% used [0x0000000081a00000,0x0000000082b2c770,0x0000000086c80000)
 Metaspace       used 55948K, capacity 58964K, committed 58968K, reserved 1099776K
  class space    used 7581K, capacity 8318K, committed 8320K, reserved 1048576K
Event: 12.892 GC heap after
Heap after GC invocations=13 (full 2):
 PSYoungGen      total 217088K, used 11522K [0x00000000d5e00000, 0x00000000e7780000, 0x0000000100000000)
  eden space 203776K, 0% used [0x00000000d5e00000,0x00000000d5e00000,0x00000000e2500000)
  from space 13312K, 86% used [0x00000000e2500000,0x00000000e3040950,0x00000000e3200000)
  to   space 14336K, 0% used [0x00000000e6980000,0x00000000e6980000,0x00000000e7780000)
 ParOldGen       total 84480K, used 22289K [0x0000000081a00000, 0x0000000086c80000, 0x00000000d5e00000)
  object space 84480K, 26% used [0x0000000081a00000,0x0000000082fc47c8,0x0000000086c80000)
 Metaspace       used 55948K, capacity 58964K, committed 58968K, reserved 1099776K
  class space    used 7581K, capacity 8318K, committed 8320K, reserved 1048576K
}
Event: 12.893 GC heap before
{Heap before GC invocations=14 (full 3):
 PSYoungGen      total 217088K, used 11522K [0x00000000d5e00000, 0x00000000e7780000, 0x0000000100000000)
  eden space 203776K, 0% used [0x00000000d5e00000,0x00000000d5e00000,0x00000000e2500000)
  from space 13312K, 86% used [0x00000000e2500000,0x00000000e3040950,0x00000000e3200000)
  to   space 14336K, 0% used [0x00000000e6980000,0x00000000e6980000,0x00000000e7780000)
 ParOldGen       total 84480K, used 22289K [0x0000000081a00000, 0x0000000086c80000, 0x00000000d5e00000)
  object space 84480K, 26% used [0x0000000081a00000,0x0000000082fc47c8,0x0000000086c80000)
 Metaspace       used 55948K, capacity 58964K, committed 58968K, reserved 1099776K
  class space    used 7581K, capacity 8318K, committed 8320K, reserved 1048576K
Event: 13.050 GC heap after
Heap after GC invocations=14 (full 3):
 PSYoungGen      total 217088K, used 0K [0x00000000d5e00000, 0x00000000e7780000, 0x0000000100000000)
  eden space 203776K, 0% used [0x00000000d5e00000,0x00000000d5e00000,0x00000000e2500000)
  from space 13312K, 0% used [0x00000000e2500000,0x00000000e2500000,0x00000000e3200000)
  to   space 14336K, 0% used [0x00000000e6980000,0x00000000e6980000,0x00000000e7780000)
 ParOldGen       total 121344K, used 25210K [0x0000000081a00000, 0x0000000089080000, 0x00000000d5e00000)
  object space 121344K, 20% used [0x0000000081a00000,0x000000008329ebe8,0x0000000089080000)
 Metaspace       used 55948K, capacity 58964K, committed 58968K, reserved 1099776K
  class space    used 7581K, capacity 8318K, committed 8320K, reserved 1048576K
}

